<?xml version="1.0" encoding="UTF-8"?>
<!-- Generated by org.testng.reporters.JUnitReportReporter -->
<testsuite hostname="DESKTOP-RP2QDOR" failures="0" tests="1" name="testing.test3" time="78.342" errors="0" timestamp="2024-06-11T19:24:50 IST" skipped="0">
  <testcase classname="testing.test3" name="addjob" time="78.342"/>
  <system-out/>
</testsuite> <!-- testing.test3 -->
