<?xml version="1.0" encoding="UTF-8"?>
<!-- Generated by org.testng.reporters.JUnitReportReporter -->
<testsuite hostname="DESKTOP-RP2QDOR" failures="0" tests="1" name="testing.test2" time="46.688" errors="0" timestamp="2024-06-11T19:24:50 IST" skipped="0">
  <testcase classname="testing.test2" name="addusr" time="46.688"/>
  <system-out/>
</testsuite> <!-- testing.test2 -->
